<?xml version="1.0" encoding="UTF-8"?>
<testsuite name="defalut"
           tests="1"
           failures="1"
           errors="0"
           skipped="0"
           time="26.227">
  <properties />
            <testcase name="JiraWorkLoadTest" time="26.227" classname="com.test.WriteJiraWorkdailyTest">
                <failure type="org.openqa.selenium.ElementNotVisibleException"
                  message="Element is not currently visible and so may not be interacted with
Command duration or timeout: 10.14 seconds
Build info: version: &apos;2.53.1&apos;, revision: &apos;a36b8b1&apos;, time: &apos;2016-06-30 17:32:46&apos;
System info: host: &apos;insigma&apos;, ip: &apos;10.2.232.122&apos;, os.name: &apos;Windows 8&apos;, os.arch: &apos;amd64&apos;, os.version: &apos;6.2&apos;, java.version: &apos;1.7.0_79&apos;
Session ID: f3913f75-e3db-4c20-8843-feedc4e29612
Driver info: org.openqa.selenium.firefox.FirefoxDriver
Capabilities [{platform=WINDOWS, acceptSslCerts=true, javascriptEnabled=true, cssSelectorsEnabled=true, databaseEnabled=true, browserName=firefox, handlesAlerts=true, nativeEvents=false, webStorageEnabled=true, rotatable=false, locationContextEnabled=true, applicationCacheEnabled=true, takesScreenshot=true, version=46.0.1}]"
              >
<![CDATA[org.openqa.selenium.ElementNotVisibleException: Element is not currently visible and so may not be interacted with
Command duration or timeout: 10.14 seconds
Build info: version: '2.53.1', revision: 'a36b8b1', time: '2016-06-30 17:32:46'
System info: host: 'insigma', ip: '10.2.232.122', os.name: 'Windows 8', os.arch: 'amd64', os.version: '6.2', java.version: '1.7.0_79'
Session ID: f3913f75-e3db-4c20-8843-feedc4e29612
Driver info: org.openqa.selenium.firefox.FirefoxDriver
Capabilities [{platform=WINDOWS, acceptSslCerts=true, javascriptEnabled=true, cssSelectorsEnabled=true, databaseEnabled=true, browserName=firefox, handlesAlerts=true, nativeEvents=false, webStorageEnabled=true, rotatable=false, locationContextEnabled=true, applicationCacheEnabled=true, takesScreenshot=true, version=46.0.1}]
  sun.reflect.NativeConstructorAccessorImpl.newInstance0(Native Method)
  sun.reflect.NativeConstructorAccessorImpl.newInstance(NativeConstructorAccessorImpl.java:57)
  sun.reflect.DelegatingConstructorAccessorImpl.newInstance(DelegatingConstructorAccessorImpl.java:45)
  java.lang.reflect.Constructor.newInstance(Constructor.java:526)
  org.openqa.selenium.remote.ErrorHandler.createThrowable(ErrorHandler.java:206)
  org.openqa.selenium.remote.ErrorHandler.throwIfResponseFailed(ErrorHandler.java:158)
  org.openqa.selenium.remote.RemoteWebDriver.execute(RemoteWebDriver.java:678)
  org.openqa.selenium.remote.RemoteWebElement.execute(RemoteWebElement.java:327)
  org.openqa.selenium.remote.RemoteWebElement.click(RemoteWebElement.java:85)
  com.test.WriteJiraWorkdailyTest.goToTaskItem(WriteJiraWorkdailyTest.java:74)
  com.test.WriteJiraWorkdailyTest.JiraWorkLoadTest(WriteJiraWorkdailyTest.java:50)
  sun.reflect.NativeMethodAccessorImpl.invoke0(Native Method)
  sun.reflect.NativeMethodAccessorImpl.invoke(NativeMethodAccessorImpl.java:57)
  sun.reflect.DelegatingMethodAccessorImpl.invoke(DelegatingMethodAccessorImpl.java:43)
  java.lang.reflect.Method.invoke(Method.java:606)
  org.testng.internal.MethodInvocationHelper.invokeMethod(MethodInvocationHelper.java:85)
  org.testng.internal.Invoker.invokeMethod(Invoker.java:639)
  org.testng.internal.Invoker.invokeTestMethod(Invoker.java:816)
  org.testng.internal.Invoker.invokeTestMethods(Invoker.java:1124)
  org.testng.internal.TestMethodWorker.invokeTestMethods(TestMethodWorker.java:125)
  org.testng.internal.TestMethodWorker.run(TestMethodWorker.java:108)
  org.testng.TestRunner.privateRun(TestRunner.java:774)
  org.testng.TestRunner.run(TestRunner.java:624)
  org.testng.SuiteRunner.runTest(SuiteRunner.java:359)
  org.testng.SuiteRunner.runSequentially(SuiteRunner.java:354)
  org.testng.SuiteRunner.privateRun(SuiteRunner.java:312)
  org.testng.SuiteRunner.run(SuiteRunner.java:261)
  org.testng.SuiteRunnerWorker.runSuite(SuiteRunnerWorker.java:52)
  org.testng.SuiteRunnerWorker.run(SuiteRunnerWorker.java:86)
  org.testng.TestNG.runSuitesSequentially(TestNG.java:1215)
  org.testng.TestNG.runSuitesLocally(TestNG.java:1140)
  org.testng.TestNG.run(TestNG.java:1048)
  org.testng.remote.AbstractRemoteTestNG.run(AbstractRemoteTestNG.java:126)
  org.testng.remote.RemoteTestNG.initAndRun(RemoteTestNG.java:152)
  org.testng.remote.RemoteTestNG.main(RemoteTestNG.java:57)
Caused by: org.openqa.selenium.ElementNotVisibleException: Element is not currently visible and so may not be interacted with
Build info: version: '2.53.1', revision: 'a36b8b1', time: '2016-06-30 17:32:46'
System info: host: 'insigma', ip: '10.2.232.122', os.name: 'Windows 8', os.arch: 'amd64', os.version: '6.2', java.version: '1.7.0_79'
Driver info: driver.version: unknown
  <anonymous class>.fxdriver.preconditions.visible(file:///C:/Users/INSIGM~1/AppData/Local/Temp/anonymous7205970658275361025webdriver-profile/extensions/fxdriver@googlecode.com/components/command-processor.js:10092)
  <anonymous class>.DelayedCommand.prototype.checkPreconditions_(file:///C:/Users/INSIGM~1/AppData/Local/Temp/anonymous7205970658275361025webdriver-profile/extensions/fxdriver@googlecode.com/components/command-processor.js:12644)
  <anonymous class>.DelayedCommand.prototype.executeInternal_/h(file:///C:/Users/INSIGM~1/AppData/Local/Temp/anonymous7205970658275361025webdriver-profile/extensions/fxdriver@googlecode.com/components/command-processor.js:12661)
  <anonymous class>.fxdriver.Timer.prototype.setTimeout/<.notify(file:///C:/Users/INSIGM~1/AppData/Local/Temp/anonymous7205970658275361025webdriver-profile/extensions/fxdriver@googlecode.com/components/command-processor.js:625)
]]>
      </failure>

          </testcase>
  
  
  
</testsuite>
